[07-Oct-2025 20:04:02 UTC] PHP Warning:  Constant PRIVATE_PATH already defined in F:\xampp\htdocs\mkomigbo\project-root\private\assets\config.php on line 7
[07-Oct-2025 20:04:02 UTC] PHP Warning:  Constant PUBLIC_PATH already defined in F:\xampp\htdocs\mkomigbo\project-root\private\assets\config.php on line 9
[07-Oct-2025 20:04:02 UTC] PHP Warning:  Constant FUNCTIONS_PATH already defined in F:\xampp\htdocs\mkomigbo\project-root\private\assets\config.php on line 10
[07-Oct-2025 20:04:02 UTC] PHP Warning:  Constant ASSETS_PATH already defined in F:\xampp\htdocs\mkomigbo\project-root\private\assets\config.php on line 11
[07-Oct-2025 20:04:02 UTC] PHP Warning:  Constant SHARED_PATH already defined in F:\xampp\htdocs\mkomigbo\project-root\private\assets\config.php on line 12
[07-Oct-2025 20:04:02 UTC] PHP Warning:  Constant SITE_URL already defined in F:\xampp\htdocs\mkomigbo\project-root\private\assets\config.php on line 41
[07-Oct-2025 20:04:02 UTC] PHP Warning:  Constant WWW_ROOT already defined in F:\xampp\htdocs\mkomigbo\project-root\private\assets\config.php on line 53
[07-Oct-2025 20:04:02 UTC] PHP Fatal error:  Cannot redeclare videos_table() (previously declared in F:\xampp\htdocs\mkomigbo\project-root\private\functions\audio_functions.php:12) in F:\xampp\htdocs\mkomigbo\project-root\private\functions\video_functions.php on line 12
[07-Oct-2025 20:04:07 UTC] PHP Warning:  Constant PRIVATE_PATH already defined in F:\xampp\htdocs\mkomigbo\project-root\private\assets\config.php on line 7
[07-Oct-2025 20:04:07 UTC] PHP Warning:  Constant PUBLIC_PATH already defined in F:\xampp\htdocs\mkomigbo\project-root\private\assets\config.php on line 9
[07-Oct-2025 20:04:07 UTC] PHP Warning:  Constant FUNCTIONS_PATH already defined in F:\xampp\htdocs\mkomigbo\project-root\private\assets\config.php on line 10
[07-Oct-2025 20:04:07 UTC] PHP Warning:  Constant ASSETS_PATH already defined in F:\xampp\htdocs\mkomigbo\project-root\private\assets\config.php on line 11
[07-Oct-2025 20:04:07 UTC] PHP Warning:  Constant SHARED_PATH already defined in F:\xampp\htdocs\mkomigbo\project-root\private\assets\config.php on line 12
[07-Oct-2025 20:04:07 UTC] PHP Warning:  Constant SITE_URL already defined in F:\xampp\htdocs\mkomigbo\project-root\private\assets\config.php on line 41
[07-Oct-2025 20:04:07 UTC] PHP Warning:  Constant WWW_ROOT already defined in F:\xampp\htdocs\mkomigbo\project-root\private\assets\config.php on line 53
[07-Oct-2025 20:04:07 UTC] PHP Fatal error:  Cannot redeclare videos_table() (previously declared in F:\xampp\htdocs\mkomigbo\project-root\private\functions\audio_functions.php:12) in F:\xampp\htdocs\mkomigbo\project-root\private\functions\video_functions.php on line 12
[07-Oct-2025 20:04:10 UTC] PHP Warning:  Constant PRIVATE_PATH already defined in F:\xampp\htdocs\mkomigbo\project-root\private\assets\config.php on line 7
[07-Oct-2025 20:04:10 UTC] PHP Warning:  Constant PUBLIC_PATH already defined in F:\xampp\htdocs\mkomigbo\project-root\private\assets\config.php on line 9
[07-Oct-2025 20:04:10 UTC] PHP Warning:  Constant FUNCTIONS_PATH already defined in F:\xampp\htdocs\mkomigbo\project-root\private\assets\config.php on line 10
[07-Oct-2025 20:04:10 UTC] PHP Warning:  Constant ASSETS_PATH already defined in F:\xampp\htdocs\mkomigbo\project-root\private\assets\config.php on line 11
[07-Oct-2025 20:04:10 UTC] PHP Warning:  Constant SHARED_PATH already defined in F:\xampp\htdocs\mkomigbo\project-root\private\assets\config.php on line 12
[07-Oct-2025 20:04:10 UTC] PHP Warning:  Constant SITE_URL already defined in F:\xampp\htdocs\mkomigbo\project-root\private\assets\config.php on line 41
[07-Oct-2025 20:04:10 UTC] PHP Warning:  Constant WWW_ROOT already defined in F:\xampp\htdocs\mkomigbo\project-root\private\assets\config.php on line 53
[07-Oct-2025 20:04:10 UTC] PHP Fatal error:  Cannot redeclare videos_table() (previously declared in F:\xampp\htdocs\mkomigbo\project-root\private\functions\audio_functions.php:12) in F:\xampp\htdocs\mkomigbo\project-root\private\functions\video_functions.php on line 12
[07-Oct-2025 20:04:12 UTC] PHP Warning:  Constant PRIVATE_PATH already defined in F:\xampp\htdocs\mkomigbo\project-root\private\assets\config.php on line 7
[07-Oct-2025 20:04:12 UTC] PHP Warning:  Constant PUBLIC_PATH already defined in F:\xampp\htdocs\mkomigbo\project-root\private\assets\config.php on line 9
[07-Oct-2025 20:04:12 UTC] PHP Warning:  Constant FUNCTIONS_PATH already defined in F:\xampp\htdocs\mkomigbo\project-root\private\assets\config.php on line 10
[07-Oct-2025 20:04:12 UTC] PHP Warning:  Constant ASSETS_PATH already defined in F:\xampp\htdocs\mkomigbo\project-root\private\assets\config.php on line 11
[07-Oct-2025 20:04:12 UTC] PHP Warning:  Constant SHARED_PATH already defined in F:\xampp\htdocs\mkomigbo\project-root\private\assets\config.php on line 12
[07-Oct-2025 20:04:12 UTC] PHP Warning:  Constant SITE_URL already defined in F:\xampp\htdocs\mkomigbo\project-root\private\assets\config.php on line 41
[07-Oct-2025 20:04:12 UTC] PHP Warning:  Constant WWW_ROOT already defined in F:\xampp\htdocs\mkomigbo\project-root\private\assets\config.php on line 53
[07-Oct-2025 20:04:12 UTC] PHP Fatal error:  Cannot redeclare videos_table() (previously declared in F:\xampp\htdocs\mkomigbo\project-root\private\functions\audio_functions.php:12) in F:\xampp\htdocs\mkomigbo\project-root\private\functions\video_functions.php on line 12
[07-Oct-2025 20:04:14 UTC] PHP Warning:  Constant PRIVATE_PATH already defined in F:\xampp\htdocs\mkomigbo\project-root\private\assets\config.php on line 7
[07-Oct-2025 20:04:14 UTC] PHP Warning:  Constant PUBLIC_PATH already defined in F:\xampp\htdocs\mkomigbo\project-root\private\assets\config.php on line 9
[07-Oct-2025 20:04:14 UTC] PHP Warning:  Constant FUNCTIONS_PATH already defined in F:\xampp\htdocs\mkomigbo\project-root\private\assets\config.php on line 10
[07-Oct-2025 20:04:14 UTC] PHP Warning:  Constant ASSETS_PATH already defined in F:\xampp\htdocs\mkomigbo\project-root\private\assets\config.php on line 11
[07-Oct-2025 20:04:14 UTC] PHP Warning:  Constant SHARED_PATH already defined in F:\xampp\htdocs\mkomigbo\project-root\private\assets\config.php on line 12
[07-Oct-2025 20:04:14 UTC] PHP Warning:  Constant SITE_URL already defined in F:\xampp\htdocs\mkomigbo\project-root\private\assets\config.php on line 41
[07-Oct-2025 20:04:14 UTC] PHP Warning:  Constant WWW_ROOT already defined in F:\xampp\htdocs\mkomigbo\project-root\private\assets\config.php on line 53
[07-Oct-2025 20:04:14 UTC] PHP Fatal error:  Cannot redeclare videos_table() (previously declared in F:\xampp\htdocs\mkomigbo\project-root\private\functions\audio_functions.php:12) in F:\xampp\htdocs\mkomigbo\project-root\private\functions\video_functions.php on line 12
[07-Oct-2025 20:04:18 UTC] PHP Warning:  Constant PRIVATE_PATH already defined in F:\xampp\htdocs\mkomigbo\project-root\private\assets\config.php on line 7
[07-Oct-2025 20:04:18 UTC] PHP Warning:  Constant PUBLIC_PATH already defined in F:\xampp\htdocs\mkomigbo\project-root\private\assets\config.php on line 9
[07-Oct-2025 20:04:18 UTC] PHP Warning:  Constant FUNCTIONS_PATH already defined in F:\xampp\htdocs\mkomigbo\project-root\private\assets\config.php on line 10
[07-Oct-2025 20:04:18 UTC] PHP Warning:  Constant ASSETS_PATH already defined in F:\xampp\htdocs\mkomigbo\project-root\private\assets\config.php on line 11
[07-Oct-2025 20:04:18 UTC] PHP Warning:  Constant SHARED_PATH already defined in F:\xampp\htdocs\mkomigbo\project-root\private\assets\config.php on line 12
[07-Oct-2025 20:04:18 UTC] PHP Warning:  Constant SITE_URL already defined in F:\xampp\htdocs\mkomigbo\project-root\private\assets\config.php on line 41
[07-Oct-2025 20:04:18 UTC] PHP Warning:  Constant WWW_ROOT already defined in F:\xampp\htdocs\mkomigbo\project-root\private\assets\config.php on line 53
[07-Oct-2025 20:04:18 UTC] PHP Fatal error:  Cannot redeclare videos_table() (previously declared in F:\xampp\htdocs\mkomigbo\project-root\private\functions\audio_functions.php:12) in F:\xampp\htdocs\mkomigbo\project-root\private\functions\video_functions.php on line 12
[07-Oct-2025 20:04:20 UTC] PHP Warning:  Constant PRIVATE_PATH already defined in F:\xampp\htdocs\mkomigbo\project-root\private\assets\config.php on line 7
[07-Oct-2025 20:04:20 UTC] PHP Warning:  Constant PUBLIC_PATH already defined in F:\xampp\htdocs\mkomigbo\project-root\private\assets\config.php on line 9
[07-Oct-2025 20:04:20 UTC] PHP Warning:  Constant FUNCTIONS_PATH already defined in F:\xampp\htdocs\mkomigbo\project-root\private\assets\config.php on line 10
[07-Oct-2025 20:04:20 UTC] PHP Warning:  Constant ASSETS_PATH already defined in F:\xampp\htdocs\mkomigbo\project-root\private\assets\config.php on line 11
[07-Oct-2025 20:04:20 UTC] PHP Warning:  Constant SHARED_PATH already defined in F:\xampp\htdocs\mkomigbo\project-root\private\assets\config.php on line 12
[07-Oct-2025 20:04:20 UTC] PHP Warning:  Constant SITE_URL already defined in F:\xampp\htdocs\mkomigbo\project-root\private\assets\config.php on line 41
[07-Oct-2025 20:04:20 UTC] PHP Warning:  Constant WWW_ROOT already defined in F:\xampp\htdocs\mkomigbo\project-root\private\assets\config.php on line 53
[07-Oct-2025 20:04:20 UTC] PHP Fatal error:  Cannot redeclare videos_table() (previously declared in F:\xampp\htdocs\mkomigbo\project-root\private\functions\audio_functions.php:12) in F:\xampp\htdocs\mkomigbo\project-root\private\functions\video_functions.php on line 12
[07-Oct-2025 20:04:21 UTC] PHP Warning:  Constant PRIVATE_PATH already defined in F:\xampp\htdocs\mkomigbo\project-root\private\assets\config.php on line 7
[07-Oct-2025 20:04:21 UTC] PHP Warning:  Constant PUBLIC_PATH already defined in F:\xampp\htdocs\mkomigbo\project-root\private\assets\config.php on line 9
[07-Oct-2025 20:04:21 UTC] PHP Warning:  Constant FUNCTIONS_PATH already defined in F:\xampp\htdocs\mkomigbo\project-root\private\assets\config.php on line 10
[07-Oct-2025 20:04:21 UTC] PHP Warning:  Constant ASSETS_PATH already defined in F:\xampp\htdocs\mkomigbo\project-root\private\assets\config.php on line 11
[07-Oct-2025 20:04:21 UTC] PHP Warning:  Constant SHARED_PATH already defined in F:\xampp\htdocs\mkomigbo\project-root\private\assets\config.php on line 12
[07-Oct-2025 20:04:21 UTC] PHP Warning:  Constant SITE_URL already defined in F:\xampp\htdocs\mkomigbo\project-root\private\assets\config.php on line 41
[07-Oct-2025 20:04:21 UTC] PHP Warning:  Constant WWW_ROOT already defined in F:\xampp\htdocs\mkomigbo\project-root\private\assets\config.php on line 53
[07-Oct-2025 20:04:21 UTC] PHP Fatal error:  Cannot redeclare videos_table() (previously declared in F:\xampp\htdocs\mkomigbo\project-root\private\functions\audio_functions.php:12) in F:\xampp\htdocs\mkomigbo\project-root\private\functions\video_functions.php on line 12
[07-Oct-2025 20:20:26 UTC] PHP Warning:  Constant PRIVATE_PATH already defined in F:\xampp\htdocs\mkomigbo\project-root\private\assets\config.php on line 7
[07-Oct-2025 20:20:26 UTC] PHP Warning:  Constant PUBLIC_PATH already defined in F:\xampp\htdocs\mkomigbo\project-root\private\assets\config.php on line 9
[07-Oct-2025 20:20:26 UTC] PHP Warning:  Constant FUNCTIONS_PATH already defined in F:\xampp\htdocs\mkomigbo\project-root\private\assets\config.php on line 10
[07-Oct-2025 20:20:26 UTC] PHP Warning:  Constant ASSETS_PATH already defined in F:\xampp\htdocs\mkomigbo\project-root\private\assets\config.php on line 11
[07-Oct-2025 20:20:26 UTC] PHP Warning:  Constant SHARED_PATH already defined in F:\xampp\htdocs\mkomigbo\project-root\private\assets\config.php on line 12
[07-Oct-2025 20:20:26 UTC] PHP Warning:  Constant SITE_URL already defined in F:\xampp\htdocs\mkomigbo\project-root\private\assets\config.php on line 41
[07-Oct-2025 20:20:26 UTC] PHP Warning:  Constant WWW_ROOT already defined in F:\xampp\htdocs\mkomigbo\project-root\private\assets\config.php on line 53
[07-Oct-2025 20:20:26 UTC] PHP Fatal error:  Cannot redeclare videos_table() (previously declared in F:\xampp\htdocs\mkomigbo\project-root\private\functions\audio_functions.php:12) in F:\xampp\htdocs\mkomigbo\project-root\private\functions\video_functions.php on line 12
[07-Oct-2025 20:20:30 UTC] PHP Warning:  Constant PRIVATE_PATH already defined in F:\xampp\htdocs\mkomigbo\project-root\private\assets\config.php on line 7
[07-Oct-2025 20:20:30 UTC] PHP Warning:  Constant PUBLIC_PATH already defined in F:\xampp\htdocs\mkomigbo\project-root\private\assets\config.php on line 9
[07-Oct-2025 20:20:30 UTC] PHP Warning:  Constant FUNCTIONS_PATH already defined in F:\xampp\htdocs\mkomigbo\project-root\private\assets\config.php on line 10
[07-Oct-2025 20:20:30 UTC] PHP Warning:  Constant ASSETS_PATH already defined in F:\xampp\htdocs\mkomigbo\project-root\private\assets\config.php on line 11
[07-Oct-2025 20:20:30 UTC] PHP Warning:  Constant SHARED_PATH already defined in F:\xampp\htdocs\mkomigbo\project-root\private\assets\config.php on line 12
[07-Oct-2025 20:20:30 UTC] PHP Warning:  Constant SITE_URL already defined in F:\xampp\htdocs\mkomigbo\project-root\private\assets\config.php on line 41
[07-Oct-2025 20:20:30 UTC] PHP Warning:  Constant WWW_ROOT already defined in F:\xampp\htdocs\mkomigbo\project-root\private\assets\config.php on line 53
[07-Oct-2025 20:20:30 UTC] PHP Fatal error:  Cannot redeclare videos_table() (previously declared in F:\xampp\htdocs\mkomigbo\project-root\private\functions\audio_functions.php:12) in F:\xampp\htdocs\mkomigbo\project-root\private\functions\video_functions.php on line 12
[07-Oct-2025 20:20:32 UTC] PHP Warning:  Constant PRIVATE_PATH already defined in F:\xampp\htdocs\mkomigbo\project-root\private\assets\config.php on line 7
[07-Oct-2025 20:20:32 UTC] PHP Warning:  Constant PUBLIC_PATH already defined in F:\xampp\htdocs\mkomigbo\project-root\private\assets\config.php on line 9
[07-Oct-2025 20:20:32 UTC] PHP Warning:  Constant FUNCTIONS_PATH already defined in F:\xampp\htdocs\mkomigbo\project-root\private\assets\config.php on line 10
[07-Oct-2025 20:20:32 UTC] PHP Warning:  Constant ASSETS_PATH already defined in F:\xampp\htdocs\mkomigbo\project-root\private\assets\config.php on line 11
[07-Oct-2025 20:20:32 UTC] PHP Warning:  Constant SHARED_PATH already defined in F:\xampp\htdocs\mkomigbo\project-root\private\assets\config.php on line 12
[07-Oct-2025 20:20:32 UTC] PHP Warning:  Constant SITE_URL already defined in F:\xampp\htdocs\mkomigbo\project-root\private\assets\config.php on line 41
[07-Oct-2025 20:20:32 UTC] PHP Warning:  Constant WWW_ROOT already defined in F:\xampp\htdocs\mkomigbo\project-root\private\assets\config.php on line 53
[07-Oct-2025 20:20:32 UTC] PHP Fatal error:  Cannot redeclare videos_table() (previously declared in F:\xampp\htdocs\mkomigbo\project-root\private\functions\audio_functions.php:12) in F:\xampp\htdocs\mkomigbo\project-root\private\functions\video_functions.php on line 12
[07-Oct-2025 20:20:36 UTC] PHP Warning:  Constant PRIVATE_PATH already defined in F:\xampp\htdocs\mkomigbo\project-root\private\assets\config.php on line 7
[07-Oct-2025 20:20:36 UTC] PHP Warning:  Constant PUBLIC_PATH already defined in F:\xampp\htdocs\mkomigbo\project-root\private\assets\config.php on line 9
[07-Oct-2025 20:20:36 UTC] PHP Warning:  Constant FUNCTIONS_PATH already defined in F:\xampp\htdocs\mkomigbo\project-root\private\assets\config.php on line 10
[07-Oct-2025 20:20:36 UTC] PHP Warning:  Constant ASSETS_PATH already defined in F:\xampp\htdocs\mkomigbo\project-root\private\assets\config.php on line 11
[07-Oct-2025 20:20:36 UTC] PHP Warning:  Constant SHARED_PATH already defined in F:\xampp\htdocs\mkomigbo\project-root\private\assets\config.php on line 12
[07-Oct-2025 20:20:36 UTC] PHP Warning:  Constant SITE_URL already defined in F:\xampp\htdocs\mkomigbo\project-root\private\assets\config.php on line 41
[07-Oct-2025 20:20:36 UTC] PHP Warning:  Constant WWW_ROOT already defined in F:\xampp\htdocs\mkomigbo\project-root\private\assets\config.php on line 53
[07-Oct-2025 20:20:36 UTC] PHP Fatal error:  Cannot redeclare videos_table() (previously declared in F:\xampp\htdocs\mkomigbo\project-root\private\functions\audio_functions.php:12) in F:\xampp\htdocs\mkomigbo\project-root\private\functions\video_functions.php on line 12
[07-Oct-2025 20:20:39 UTC] PHP Warning:  Constant PRIVATE_PATH already defined in F:\xampp\htdocs\mkomigbo\project-root\private\assets\config.php on line 7
[07-Oct-2025 20:20:39 UTC] PHP Warning:  Constant PUBLIC_PATH already defined in F:\xampp\htdocs\mkomigbo\project-root\private\assets\config.php on line 9
[07-Oct-2025 20:20:39 UTC] PHP Warning:  Constant FUNCTIONS_PATH already defined in F:\xampp\htdocs\mkomigbo\project-root\private\assets\config.php on line 10
[07-Oct-2025 20:20:39 UTC] PHP Warning:  Constant ASSETS_PATH already defined in F:\xampp\htdocs\mkomigbo\project-root\private\assets\config.php on line 11
[07-Oct-2025 20:20:39 UTC] PHP Warning:  Constant SHARED_PATH already defined in F:\xampp\htdocs\mkomigbo\project-root\private\assets\config.php on line 12
[07-Oct-2025 20:20:39 UTC] PHP Warning:  Constant SITE_URL already defined in F:\xampp\htdocs\mkomigbo\project-root\private\assets\config.php on line 41
[07-Oct-2025 20:20:39 UTC] PHP Warning:  Constant WWW_ROOT already defined in F:\xampp\htdocs\mkomigbo\project-root\private\assets\config.php on line 53
[07-Oct-2025 20:20:39 UTC] PHP Fatal error:  Cannot redeclare videos_table() (previously declared in F:\xampp\htdocs\mkomigbo\project-root\private\functions\audio_functions.php:12) in F:\xampp\htdocs\mkomigbo\project-root\private\functions\video_functions.php on line 12
[07-Oct-2025 20:20:43 UTC] PHP Warning:  Constant PRIVATE_PATH already defined in F:\xampp\htdocs\mkomigbo\project-root\private\assets\config.php on line 7
[07-Oct-2025 20:20:43 UTC] PHP Warning:  Constant PUBLIC_PATH already defined in F:\xampp\htdocs\mkomigbo\project-root\private\assets\config.php on line 9
[07-Oct-2025 20:20:43 UTC] PHP Warning:  Constant FUNCTIONS_PATH already defined in F:\xampp\htdocs\mkomigbo\project-root\private\assets\config.php on line 10
[07-Oct-2025 20:20:43 UTC] PHP Warning:  Constant ASSETS_PATH already defined in F:\xampp\htdocs\mkomigbo\project-root\private\assets\config.php on line 11
[07-Oct-2025 20:20:43 UTC] PHP Warning:  Constant SHARED_PATH already defined in F:\xampp\htdocs\mkomigbo\project-root\private\assets\config.php on line 12
[07-Oct-2025 20:20:43 UTC] PHP Warning:  Constant SITE_URL already defined in F:\xampp\htdocs\mkomigbo\project-root\private\assets\config.php on line 41
[07-Oct-2025 20:20:43 UTC] PHP Warning:  Constant WWW_ROOT already defined in F:\xampp\htdocs\mkomigbo\project-root\private\assets\config.php on line 53
[07-Oct-2025 20:20:43 UTC] PHP Fatal error:  Cannot redeclare videos_table() (previously declared in F:\xampp\htdocs\mkomigbo\project-root\private\functions\audio_functions.php:12) in F:\xampp\htdocs\mkomigbo\project-root\private\functions\video_functions.php on line 12
[07-Oct-2025 20:20:45 UTC] PHP Warning:  Constant PRIVATE_PATH already defined in F:\xampp\htdocs\mkomigbo\project-root\private\assets\config.php on line 7
[07-Oct-2025 20:20:45 UTC] PHP Warning:  Constant PUBLIC_PATH already defined in F:\xampp\htdocs\mkomigbo\project-root\private\assets\config.php on line 9
[07-Oct-2025 20:20:45 UTC] PHP Warning:  Constant FUNCTIONS_PATH already defined in F:\xampp\htdocs\mkomigbo\project-root\private\assets\config.php on line 10
[07-Oct-2025 20:20:45 UTC] PHP Warning:  Constant ASSETS_PATH already defined in F:\xampp\htdocs\mkomigbo\project-root\private\assets\config.php on line 11
[07-Oct-2025 20:20:45 UTC] PHP Warning:  Constant SHARED_PATH already defined in F:\xampp\htdocs\mkomigbo\project-root\private\assets\config.php on line 12
[07-Oct-2025 20:20:45 UTC] PHP Warning:  Constant SITE_URL already defined in F:\xampp\htdocs\mkomigbo\project-root\private\assets\config.php on line 41
[07-Oct-2025 20:20:45 UTC] PHP Warning:  Constant WWW_ROOT already defined in F:\xampp\htdocs\mkomigbo\project-root\private\assets\config.php on line 53
[07-Oct-2025 20:20:45 UTC] PHP Fatal error:  Cannot redeclare videos_table() (previously declared in F:\xampp\htdocs\mkomigbo\project-root\private\functions\audio_functions.php:12) in F:\xampp\htdocs\mkomigbo\project-root\private\functions\video_functions.php on line 12
[07-Oct-2025 20:20:47 UTC] PHP Warning:  Constant PRIVATE_PATH already defined in F:\xampp\htdocs\mkomigbo\project-root\private\assets\config.php on line 7
[07-Oct-2025 20:20:47 UTC] PHP Warning:  Constant PUBLIC_PATH already defined in F:\xampp\htdocs\mkomigbo\project-root\private\assets\config.php on line 9
[07-Oct-2025 20:20:47 UTC] PHP Warning:  Constant FUNCTIONS_PATH already defined in F:\xampp\htdocs\mkomigbo\project-root\private\assets\config.php on line 10
[07-Oct-2025 20:20:47 UTC] PHP Warning:  Constant ASSETS_PATH already defined in F:\xampp\htdocs\mkomigbo\project-root\private\assets\config.php on line 11
[07-Oct-2025 20:20:47 UTC] PHP Warning:  Constant SHARED_PATH already defined in F:\xampp\htdocs\mkomigbo\project-root\private\assets\config.php on line 12
[07-Oct-2025 20:20:47 UTC] PHP Warning:  Constant SITE_URL already defined in F:\xampp\htdocs\mkomigbo\project-root\private\assets\config.php on line 41
[07-Oct-2025 20:20:47 UTC] PHP Warning:  Constant WWW_ROOT already defined in F:\xampp\htdocs\mkomigbo\project-root\private\assets\config.php on line 53
[07-Oct-2025 20:20:47 UTC] PHP Fatal error:  Cannot redeclare videos_table() (previously declared in F:\xampp\htdocs\mkomigbo\project-root\private\functions\audio_functions.php:12) in F:\xampp\htdocs\mkomigbo\project-root\private\functions\video_functions.php on line 12
[07-Oct-2025 20:30:51 UTC] PHP Warning:  Constant PRIVATE_PATH already defined in F:\xampp\htdocs\mkomigbo\project-root\private\assets\config.php on line 7
[07-Oct-2025 20:30:51 UTC] PHP Warning:  Constant PUBLIC_PATH already defined in F:\xampp\htdocs\mkomigbo\project-root\private\assets\config.php on line 9
[07-Oct-2025 20:30:51 UTC] PHP Warning:  Constant FUNCTIONS_PATH already defined in F:\xampp\htdocs\mkomigbo\project-root\private\assets\config.php on line 10
[07-Oct-2025 20:30:51 UTC] PHP Warning:  Constant ASSETS_PATH already defined in F:\xampp\htdocs\mkomigbo\project-root\private\assets\config.php on line 11
[07-Oct-2025 20:30:51 UTC] PHP Warning:  Constant SHARED_PATH already defined in F:\xampp\htdocs\mkomigbo\project-root\private\assets\config.php on line 12
[07-Oct-2025 20:30:51 UTC] PHP Warning:  Constant SITE_URL already defined in F:\xampp\htdocs\mkomigbo\project-root\private\assets\config.php on line 41
[07-Oct-2025 20:30:51 UTC] PHP Warning:  Constant WWW_ROOT already defined in F:\xampp\htdocs\mkomigbo\project-root\private\assets\config.php on line 53
[07-Oct-2025 20:30:51 UTC] PHP Fatal error:  Cannot redeclare videos_table() (previously declared in F:\xampp\htdocs\mkomigbo\project-root\private\functions\audio_functions.php:12) in F:\xampp\htdocs\mkomigbo\project-root\private\functions\video_functions.php on line 12
[07-Oct-2025 20:37:01 UTC] PHP Warning:  Constant PRIVATE_PATH already defined in F:\xampp\htdocs\mkomigbo\project-root\private\assets\config.php on line 7
[07-Oct-2025 20:37:01 UTC] PHP Warning:  Constant PUBLIC_PATH already defined in F:\xampp\htdocs\mkomigbo\project-root\private\assets\config.php on line 9
[07-Oct-2025 20:37:01 UTC] PHP Warning:  Constant FUNCTIONS_PATH already defined in F:\xampp\htdocs\mkomigbo\project-root\private\assets\config.php on line 10
[07-Oct-2025 20:37:01 UTC] PHP Warning:  Constant ASSETS_PATH already defined in F:\xampp\htdocs\mkomigbo\project-root\private\assets\config.php on line 11
[07-Oct-2025 20:37:01 UTC] PHP Warning:  Constant SHARED_PATH already defined in F:\xampp\htdocs\mkomigbo\project-root\private\assets\config.php on line 12
[07-Oct-2025 20:37:01 UTC] PHP Warning:  Constant SITE_URL already defined in F:\xampp\htdocs\mkomigbo\project-root\private\assets\config.php on line 41
[07-Oct-2025 20:37:01 UTC] PHP Warning:  Constant WWW_ROOT already defined in F:\xampp\htdocs\mkomigbo\project-root\private\assets\config.php on line 53
[07-Oct-2025 20:37:01 UTC] PHP Fatal error:  Cannot redeclare videos_table() (previously declared in F:\xampp\htdocs\mkomigbo\project-root\private\functions\audio_functions.php:12) in F:\xampp\htdocs\mkomigbo\project-root\private\functions\video_functions.php on line 12
[07-Oct-2025 20:37:02 UTC] PHP Warning:  Constant PRIVATE_PATH already defined in F:\xampp\htdocs\mkomigbo\project-root\private\assets\config.php on line 7
[07-Oct-2025 20:37:02 UTC] PHP Warning:  Constant PUBLIC_PATH already defined in F:\xampp\htdocs\mkomigbo\project-root\private\assets\config.php on line 9
[07-Oct-2025 20:37:02 UTC] PHP Warning:  Constant FUNCTIONS_PATH already defined in F:\xampp\htdocs\mkomigbo\project-root\private\assets\config.php on line 10
[07-Oct-2025 20:37:02 UTC] PHP Warning:  Constant ASSETS_PATH already defined in F:\xampp\htdocs\mkomigbo\project-root\private\assets\config.php on line 11
[07-Oct-2025 20:37:02 UTC] PHP Warning:  Constant SHARED_PATH already defined in F:\xampp\htdocs\mkomigbo\project-root\private\assets\config.php on line 12
[07-Oct-2025 20:37:02 UTC] PHP Warning:  Constant SITE_URL already defined in F:\xampp\htdocs\mkomigbo\project-root\private\assets\config.php on line 41
[07-Oct-2025 20:37:02 UTC] PHP Warning:  Constant WWW_ROOT already defined in F:\xampp\htdocs\mkomigbo\project-root\private\assets\config.php on line 53
[07-Oct-2025 20:37:02 UTC] PHP Fatal error:  Cannot redeclare videos_table() (previously declared in F:\xampp\htdocs\mkomigbo\project-root\private\functions\audio_functions.php:12) in F:\xampp\htdocs\mkomigbo\project-root\private\functions\video_functions.php on line 12
[07-Oct-2025 20:37:03 UTC] PHP Warning:  Constant PRIVATE_PATH already defined in F:\xampp\htdocs\mkomigbo\project-root\private\assets\config.php on line 7
[07-Oct-2025 20:37:03 UTC] PHP Warning:  Constant PUBLIC_PATH already defined in F:\xampp\htdocs\mkomigbo\project-root\private\assets\config.php on line 9
[07-Oct-2025 20:37:03 UTC] PHP Warning:  Constant FUNCTIONS_PATH already defined in F:\xampp\htdocs\mkomigbo\project-root\private\assets\config.php on line 10
[07-Oct-2025 20:37:03 UTC] PHP Warning:  Constant ASSETS_PATH already defined in F:\xampp\htdocs\mkomigbo\project-root\private\assets\config.php on line 11
[07-Oct-2025 20:37:03 UTC] PHP Warning:  Constant SHARED_PATH already defined in F:\xampp\htdocs\mkomigbo\project-root\private\assets\config.php on line 12
[07-Oct-2025 20:37:03 UTC] PHP Warning:  Constant SITE_URL already defined in F:\xampp\htdocs\mkomigbo\project-root\private\assets\config.php on line 41
[07-Oct-2025 20:37:03 UTC] PHP Warning:  Constant WWW_ROOT already defined in F:\xampp\htdocs\mkomigbo\project-root\private\assets\config.php on line 53
[07-Oct-2025 20:37:03 UTC] PHP Fatal error:  Cannot redeclare videos_table() (previously declared in F:\xampp\htdocs\mkomigbo\project-root\private\functions\audio_functions.php:12) in F:\xampp\htdocs\mkomigbo\project-root\private\functions\video_functions.php on line 12
[07-Oct-2025 20:37:35 UTC] PHP Warning:  Constant PRIVATE_PATH already defined in F:\xampp\htdocs\mkomigbo\project-root\private\assets\config.php on line 7
[07-Oct-2025 20:37:35 UTC] PHP Warning:  Constant PUBLIC_PATH already defined in F:\xampp\htdocs\mkomigbo\project-root\private\assets\config.php on line 9
[07-Oct-2025 20:37:35 UTC] PHP Warning:  Constant FUNCTIONS_PATH already defined in F:\xampp\htdocs\mkomigbo\project-root\private\assets\config.php on line 10
[07-Oct-2025 20:37:35 UTC] PHP Warning:  Constant ASSETS_PATH already defined in F:\xampp\htdocs\mkomigbo\project-root\private\assets\config.php on line 11
[07-Oct-2025 20:37:35 UTC] PHP Warning:  Constant SHARED_PATH already defined in F:\xampp\htdocs\mkomigbo\project-root\private\assets\config.php on line 12
[07-Oct-2025 20:37:35 UTC] PHP Warning:  Constant SITE_URL already defined in F:\xampp\htdocs\mkomigbo\project-root\private\assets\config.php on line 41
[07-Oct-2025 20:37:35 UTC] PHP Warning:  Constant WWW_ROOT already defined in F:\xampp\htdocs\mkomigbo\project-root\private\assets\config.php on line 53
[07-Oct-2025 20:37:35 UTC] PHP Fatal error:  Cannot redeclare videos_table() (previously declared in F:\xampp\htdocs\mkomigbo\project-root\private\functions\audio_functions.php:12) in F:\xampp\htdocs\mkomigbo\project-root\private\functions\video_functions.php on line 12
[07-Oct-2025 20:37:35 UTC] PHP Warning:  Constant PRIVATE_PATH already defined in F:\xampp\htdocs\mkomigbo\project-root\private\assets\config.php on line 7
[07-Oct-2025 20:37:35 UTC] PHP Warning:  Constant PUBLIC_PATH already defined in F:\xampp\htdocs\mkomigbo\project-root\private\assets\config.php on line 9
[07-Oct-2025 20:37:35 UTC] PHP Warning:  Constant FUNCTIONS_PATH already defined in F:\xampp\htdocs\mkomigbo\project-root\private\assets\config.php on line 10
[07-Oct-2025 20:37:35 UTC] PHP Warning:  Constant ASSETS_PATH already defined in F:\xampp\htdocs\mkomigbo\project-root\private\assets\config.php on line 11
[07-Oct-2025 20:37:35 UTC] PHP Warning:  Constant SHARED_PATH already defined in F:\xampp\htdocs\mkomigbo\project-root\private\assets\config.php on line 12
[07-Oct-2025 20:37:35 UTC] PHP Warning:  Constant SITE_URL already defined in F:\xampp\htdocs\mkomigbo\project-root\private\assets\config.php on line 41
[07-Oct-2025 20:37:35 UTC] PHP Warning:  Constant WWW_ROOT already defined in F:\xampp\htdocs\mkomigbo\project-root\private\assets\config.php on line 53
[07-Oct-2025 20:37:35 UTC] PHP Fatal error:  Cannot redeclare videos_table() (previously declared in F:\xampp\htdocs\mkomigbo\project-root\private\functions\audio_functions.php:12) in F:\xampp\htdocs\mkomigbo\project-root\private\functions\video_functions.php on line 12
[07-Oct-2025 20:37:41 UTC] PHP Warning:  Constant PRIVATE_PATH already defined in F:\xampp\htdocs\mkomigbo\project-root\private\assets\config.php on line 7
[07-Oct-2025 20:37:41 UTC] PHP Warning:  Constant PUBLIC_PATH already defined in F:\xampp\htdocs\mkomigbo\project-root\private\assets\config.php on line 9
[07-Oct-2025 20:37:41 UTC] PHP Warning:  Constant FUNCTIONS_PATH already defined in F:\xampp\htdocs\mkomigbo\project-root\private\assets\config.php on line 10
[07-Oct-2025 20:37:41 UTC] PHP Warning:  Constant ASSETS_PATH already defined in F:\xampp\htdocs\mkomigbo\project-root\private\assets\config.php on line 11
[07-Oct-2025 20:37:41 UTC] PHP Warning:  Constant SHARED_PATH already defined in F:\xampp\htdocs\mkomigbo\project-root\private\assets\config.php on line 12
[07-Oct-2025 20:37:41 UTC] PHP Warning:  Constant SITE_URL already defined in F:\xampp\htdocs\mkomigbo\project-root\private\assets\config.php on line 41
[07-Oct-2025 20:37:41 UTC] PHP Warning:  Constant WWW_ROOT already defined in F:\xampp\htdocs\mkomigbo\project-root\private\assets\config.php on line 53
[07-Oct-2025 20:37:41 UTC] PHP Fatal error:  Cannot redeclare videos_table() (previously declared in F:\xampp\htdocs\mkomigbo\project-root\private\functions\audio_functions.php:12) in F:\xampp\htdocs\mkomigbo\project-root\private\functions\video_functions.php on line 12
[07-Oct-2025 20:39:03 UTC] PHP Warning:  Constant PRIVATE_PATH already defined in F:\xampp\htdocs\mkomigbo\project-root\private\assets\config.php on line 7
[07-Oct-2025 20:39:03 UTC] PHP Warning:  Constant PUBLIC_PATH already defined in F:\xampp\htdocs\mkomigbo\project-root\private\assets\config.php on line 9
[07-Oct-2025 20:39:03 UTC] PHP Warning:  Constant FUNCTIONS_PATH already defined in F:\xampp\htdocs\mkomigbo\project-root\private\assets\config.php on line 10
[07-Oct-2025 20:39:03 UTC] PHP Warning:  Constant ASSETS_PATH already defined in F:\xampp\htdocs\mkomigbo\project-root\private\assets\config.php on line 11
[07-Oct-2025 20:39:03 UTC] PHP Warning:  Constant SHARED_PATH already defined in F:\xampp\htdocs\mkomigbo\project-root\private\assets\config.php on line 12
[07-Oct-2025 20:39:03 UTC] PHP Warning:  Constant SITE_URL already defined in F:\xampp\htdocs\mkomigbo\project-root\private\assets\config.php on line 41
[07-Oct-2025 20:39:03 UTC] PHP Warning:  Constant WWW_ROOT already defined in F:\xampp\htdocs\mkomigbo\project-root\private\assets\config.php on line 53
[07-Oct-2025 20:39:03 UTC] PHP Fatal error:  Cannot redeclare videos_table() (previously declared in F:\xampp\htdocs\mkomigbo\project-root\private\functions\audio_functions.php:12) in F:\xampp\htdocs\mkomigbo\project-root\private\functions\video_functions.php on line 12
[07-Oct-2025 20:39:04 UTC] PHP Warning:  Constant PRIVATE_PATH already defined in F:\xampp\htdocs\mkomigbo\project-root\private\assets\config.php on line 7
[07-Oct-2025 20:39:04 UTC] PHP Warning:  Constant PUBLIC_PATH already defined in F:\xampp\htdocs\mkomigbo\project-root\private\assets\config.php on line 9
[07-Oct-2025 20:39:04 UTC] PHP Warning:  Constant FUNCTIONS_PATH already defined in F:\xampp\htdocs\mkomigbo\project-root\private\assets\config.php on line 10
[07-Oct-2025 20:39:04 UTC] PHP Warning:  Constant ASSETS_PATH already defined in F:\xampp\htdocs\mkomigbo\project-root\private\assets\config.php on line 11
[07-Oct-2025 20:39:04 UTC] PHP Warning:  Constant SHARED_PATH already defined in F:\xampp\htdocs\mkomigbo\project-root\private\assets\config.php on line 12
[07-Oct-2025 20:39:04 UTC] PHP Warning:  Constant SITE_URL already defined in F:\xampp\htdocs\mkomigbo\project-root\private\assets\config.php on line 41
[07-Oct-2025 20:39:04 UTC] PHP Warning:  Constant WWW_ROOT already defined in F:\xampp\htdocs\mkomigbo\project-root\private\assets\config.php on line 53
[07-Oct-2025 20:39:04 UTC] PHP Fatal error:  Cannot redeclare videos_table() (previously declared in F:\xampp\htdocs\mkomigbo\project-root\private\functions\audio_functions.php:12) in F:\xampp\htdocs\mkomigbo\project-root\private\functions\video_functions.php on line 12
[07-Oct-2025 20:39:04 UTC] PHP Warning:  Constant PRIVATE_PATH already defined in F:\xampp\htdocs\mkomigbo\project-root\private\assets\config.php on line 7
[07-Oct-2025 20:39:04 UTC] PHP Warning:  Constant PUBLIC_PATH already defined in F:\xampp\htdocs\mkomigbo\project-root\private\assets\config.php on line 9
[07-Oct-2025 20:39:04 UTC] PHP Warning:  Constant FUNCTIONS_PATH already defined in F:\xampp\htdocs\mkomigbo\project-root\private\assets\config.php on line 10
[07-Oct-2025 20:39:04 UTC] PHP Warning:  Constant ASSETS_PATH already defined in F:\xampp\htdocs\mkomigbo\project-root\private\assets\config.php on line 11
[07-Oct-2025 20:39:04 UTC] PHP Warning:  Constant SHARED_PATH already defined in F:\xampp\htdocs\mkomigbo\project-root\private\assets\config.php on line 12
[07-Oct-2025 20:39:04 UTC] PHP Warning:  Constant SITE_URL already defined in F:\xampp\htdocs\mkomigbo\project-root\private\assets\config.php on line 41
[07-Oct-2025 20:39:04 UTC] PHP Warning:  Constant WWW_ROOT already defined in F:\xampp\htdocs\mkomigbo\project-root\private\assets\config.php on line 53
[07-Oct-2025 20:39:04 UTC] PHP Fatal error:  Cannot redeclare videos_table() (previously declared in F:\xampp\htdocs\mkomigbo\project-root\private\functions\audio_functions.php:12) in F:\xampp\htdocs\mkomigbo\project-root\private\functions\video_functions.php on line 12
[07-Oct-2025 20:39:05 UTC] PHP Warning:  Constant PRIVATE_PATH already defined in F:\xampp\htdocs\mkomigbo\project-root\private\assets\config.php on line 7
[07-Oct-2025 20:39:05 UTC] PHP Warning:  Constant PUBLIC_PATH already defined in F:\xampp\htdocs\mkomigbo\project-root\private\assets\config.php on line 9
[07-Oct-2025 20:39:05 UTC] PHP Warning:  Constant FUNCTIONS_PATH already defined in F:\xampp\htdocs\mkomigbo\project-root\private\assets\config.php on line 10
[07-Oct-2025 20:39:05 UTC] PHP Warning:  Constant ASSETS_PATH already defined in F:\xampp\htdocs\mkomigbo\project-root\private\assets\config.php on line 11
[07-Oct-2025 20:39:05 UTC] PHP Warning:  Constant SHARED_PATH already defined in F:\xampp\htdocs\mkomigbo\project-root\private\assets\config.php on line 12
[07-Oct-2025 20:39:05 UTC] PHP Warning:  Constant SITE_URL already defined in F:\xampp\htdocs\mkomigbo\project-root\private\assets\config.php on line 41
[07-Oct-2025 20:39:05 UTC] PHP Warning:  Constant WWW_ROOT already defined in F:\xampp\htdocs\mkomigbo\project-root\private\assets\config.php on line 53
[07-Oct-2025 20:39:05 UTC] PHP Fatal error:  Cannot redeclare videos_table() (previously declared in F:\xampp\htdocs\mkomigbo\project-root\private\functions\audio_functions.php:12) in F:\xampp\htdocs\mkomigbo\project-root\private\functions\video_functions.php on line 12
[07-Oct-2025 20:39:05 UTC] PHP Warning:  Constant PRIVATE_PATH already defined in F:\xampp\htdocs\mkomigbo\project-root\private\assets\config.php on line 7
[07-Oct-2025 20:39:05 UTC] PHP Warning:  Constant PUBLIC_PATH already defined in F:\xampp\htdocs\mkomigbo\project-root\private\assets\config.php on line 9
[07-Oct-2025 20:39:05 UTC] PHP Warning:  Constant FUNCTIONS_PATH already defined in F:\xampp\htdocs\mkomigbo\project-root\private\assets\config.php on line 10
[07-Oct-2025 20:39:05 UTC] PHP Warning:  Constant ASSETS_PATH already defined in F:\xampp\htdocs\mkomigbo\project-root\private\assets\config.php on line 11
[07-Oct-2025 20:39:05 UTC] PHP Warning:  Constant SHARED_PATH already defined in F:\xampp\htdocs\mkomigbo\project-root\private\assets\config.php on line 12
[07-Oct-2025 20:39:05 UTC] PHP Warning:  Constant SITE_URL already defined in F:\xampp\htdocs\mkomigbo\project-root\private\assets\config.php on line 41
[07-Oct-2025 20:39:05 UTC] PHP Warning:  Constant WWW_ROOT already defined in F:\xampp\htdocs\mkomigbo\project-root\private\assets\config.php on line 53
[07-Oct-2025 20:39:05 UTC] PHP Fatal error:  Cannot redeclare videos_table() (previously declared in F:\xampp\htdocs\mkomigbo\project-root\private\functions\audio_functions.php:12) in F:\xampp\htdocs\mkomigbo\project-root\private\functions\video_functions.php on line 12
[07-Oct-2025 20:39:05 UTC] PHP Warning:  Constant PRIVATE_PATH already defined in F:\xampp\htdocs\mkomigbo\project-root\private\assets\config.php on line 7
[07-Oct-2025 20:39:05 UTC] PHP Warning:  Constant PUBLIC_PATH already defined in F:\xampp\htdocs\mkomigbo\project-root\private\assets\config.php on line 9
[07-Oct-2025 20:39:05 UTC] PHP Warning:  Constant FUNCTIONS_PATH already defined in F:\xampp\htdocs\mkomigbo\project-root\private\assets\config.php on line 10
[07-Oct-2025 20:39:05 UTC] PHP Warning:  Constant ASSETS_PATH already defined in F:\xampp\htdocs\mkomigbo\project-root\private\assets\config.php on line 11
[07-Oct-2025 20:39:05 UTC] PHP Warning:  Constant SHARED_PATH already defined in F:\xampp\htdocs\mkomigbo\project-root\private\assets\config.php on line 12
[07-Oct-2025 20:39:05 UTC] PHP Warning:  Constant SITE_URL already defined in F:\xampp\htdocs\mkomigbo\project-root\private\assets\config.php on line 41
[07-Oct-2025 20:39:05 UTC] PHP Warning:  Constant WWW_ROOT already defined in F:\xampp\htdocs\mkomigbo\project-root\private\assets\config.php on line 53
[07-Oct-2025 20:39:05 UTC] PHP Fatal error:  Cannot redeclare videos_table() (previously declared in F:\xampp\htdocs\mkomigbo\project-root\private\functions\audio_functions.php:12) in F:\xampp\htdocs\mkomigbo\project-root\private\functions\video_functions.php on line 12
[07-Oct-2025 20:39:06 UTC] PHP Warning:  Constant PRIVATE_PATH already defined in F:\xampp\htdocs\mkomigbo\project-root\private\assets\config.php on line 7
[07-Oct-2025 20:39:06 UTC] PHP Warning:  Constant PUBLIC_PATH already defined in F:\xampp\htdocs\mkomigbo\project-root\private\assets\config.php on line 9
[07-Oct-2025 20:39:06 UTC] PHP Warning:  Constant FUNCTIONS_PATH already defined in F:\xampp\htdocs\mkomigbo\project-root\private\assets\config.php on line 10
[07-Oct-2025 20:39:06 UTC] PHP Warning:  Constant ASSETS_PATH already defined in F:\xampp\htdocs\mkomigbo\project-root\private\assets\config.php on line 11
[07-Oct-2025 20:39:06 UTC] PHP Warning:  Constant SHARED_PATH already defined in F:\xampp\htdocs\mkomigbo\project-root\private\assets\config.php on line 12
[07-Oct-2025 20:39:06 UTC] PHP Warning:  Constant SITE_URL already defined in F:\xampp\htdocs\mkomigbo\project-root\private\assets\config.php on line 41
[07-Oct-2025 20:39:06 UTC] PHP Warning:  Constant WWW_ROOT already defined in F:\xampp\htdocs\mkomigbo\project-root\private\assets\config.php on line 53
[07-Oct-2025 20:39:06 UTC] PHP Fatal error:  Cannot redeclare videos_table() (previously declared in F:\xampp\htdocs\mkomigbo\project-root\private\functions\audio_functions.php:12) in F:\xampp\htdocs\mkomigbo\project-root\private\functions\video_functions.php on line 12
[07-Oct-2025 20:39:06 UTC] PHP Warning:  Constant PRIVATE_PATH already defined in F:\xampp\htdocs\mkomigbo\project-root\private\assets\config.php on line 7
[07-Oct-2025 20:39:06 UTC] PHP Warning:  Constant PUBLIC_PATH already defined in F:\xampp\htdocs\mkomigbo\project-root\private\assets\config.php on line 9
[07-Oct-2025 20:39:06 UTC] PHP Warning:  Constant FUNCTIONS_PATH already defined in F:\xampp\htdocs\mkomigbo\project-root\private\assets\config.php on line 10
[07-Oct-2025 20:39:06 UTC] PHP Warning:  Constant ASSETS_PATH already defined in F:\xampp\htdocs\mkomigbo\project-root\private\assets\config.php on line 11
[07-Oct-2025 20:39:06 UTC] PHP Warning:  Constant SHARED_PATH already defined in F:\xampp\htdocs\mkomigbo\project-root\private\assets\config.php on line 12
[07-Oct-2025 20:39:06 UTC] PHP Warning:  Constant SITE_URL already defined in F:\xampp\htdocs\mkomigbo\project-root\private\assets\config.php on line 41
[07-Oct-2025 20:39:06 UTC] PHP Warning:  Constant WWW_ROOT already defined in F:\xampp\htdocs\mkomigbo\project-root\private\assets\config.php on line 53
[07-Oct-2025 20:39:06 UTC] PHP Fatal error:  Cannot redeclare videos_table() (previously declared in F:\xampp\htdocs\mkomigbo\project-root\private\functions\audio_functions.php:12) in F:\xampp\htdocs\mkomigbo\project-root\private\functions\video_functions.php on line 12
[07-Oct-2025 20:39:06 UTC] PHP Warning:  Constant PRIVATE_PATH already defined in F:\xampp\htdocs\mkomigbo\project-root\private\assets\config.php on line 7
[07-Oct-2025 20:39:06 UTC] PHP Warning:  Constant PUBLIC_PATH already defined in F:\xampp\htdocs\mkomigbo\project-root\private\assets\config.php on line 9
[07-Oct-2025 20:39:06 UTC] PHP Warning:  Constant FUNCTIONS_PATH already defined in F:\xampp\htdocs\mkomigbo\project-root\private\assets\config.php on line 10
[07-Oct-2025 20:39:06 UTC] PHP Warning:  Constant ASSETS_PATH already defined in F:\xampp\htdocs\mkomigbo\project-root\private\assets\config.php on line 11
[07-Oct-2025 20:39:06 UTC] PHP Warning:  Constant SHARED_PATH already defined in F:\xampp\htdocs\mkomigbo\project-root\private\assets\config.php on line 12
[07-Oct-2025 20:39:06 UTC] PHP Warning:  Constant SITE_URL already defined in F:\xampp\htdocs\mkomigbo\project-root\private\assets\config.php on line 41
[07-Oct-2025 20:39:06 UTC] PHP Warning:  Constant WWW_ROOT already defined in F:\xampp\htdocs\mkomigbo\project-root\private\assets\config.php on line 53
[07-Oct-2025 20:39:06 UTC] PHP Fatal error:  Cannot redeclare videos_table() (previously declared in F:\xampp\htdocs\mkomigbo\project-root\private\functions\audio_functions.php:12) in F:\xampp\htdocs\mkomigbo\project-root\private\functions\video_functions.php on line 12
[07-Oct-2025 20:39:06 UTC] PHP Warning:  Constant PRIVATE_PATH already defined in F:\xampp\htdocs\mkomigbo\project-root\private\assets\config.php on line 7
[07-Oct-2025 20:39:06 UTC] PHP Warning:  Constant PUBLIC_PATH already defined in F:\xampp\htdocs\mkomigbo\project-root\private\assets\config.php on line 9
[07-Oct-2025 20:39:06 UTC] PHP Warning:  Constant FUNCTIONS_PATH already defined in F:\xampp\htdocs\mkomigbo\project-root\private\assets\config.php on line 10
[07-Oct-2025 20:39:06 UTC] PHP Warning:  Constant ASSETS_PATH already defined in F:\xampp\htdocs\mkomigbo\project-root\private\assets\config.php on line 11
[07-Oct-2025 20:39:06 UTC] PHP Warning:  Constant SHARED_PATH already defined in F:\xampp\htdocs\mkomigbo\project-root\private\assets\config.php on line 12
[07-Oct-2025 20:39:06 UTC] PHP Warning:  Constant SITE_URL already defined in F:\xampp\htdocs\mkomigbo\project-root\private\assets\config.php on line 41
[07-Oct-2025 20:39:06 UTC] PHP Warning:  Constant WWW_ROOT already defined in F:\xampp\htdocs\mkomigbo\project-root\private\assets\config.php on line 53
[07-Oct-2025 20:39:06 UTC] PHP Fatal error:  Cannot redeclare videos_table() (previously declared in F:\xampp\htdocs\mkomigbo\project-root\private\functions\audio_functions.php:12) in F:\xampp\htdocs\mkomigbo\project-root\private\functions\video_functions.php on line 12
[07-Oct-2025 20:39:06 UTC] PHP Warning:  Constant PRIVATE_PATH already defined in F:\xampp\htdocs\mkomigbo\project-root\private\assets\config.php on line 7
[07-Oct-2025 20:39:06 UTC] PHP Warning:  Constant PUBLIC_PATH already defined in F:\xampp\htdocs\mkomigbo\project-root\private\assets\config.php on line 9
[07-Oct-2025 20:39:06 UTC] PHP Warning:  Constant FUNCTIONS_PATH already defined in F:\xampp\htdocs\mkomigbo\project-root\private\assets\config.php on line 10
[07-Oct-2025 20:39:06 UTC] PHP Warning:  Constant ASSETS_PATH already defined in F:\xampp\htdocs\mkomigbo\project-root\private\assets\config.php on line 11
[07-Oct-2025 20:39:06 UTC] PHP Warning:  Constant SHARED_PATH already defined in F:\xampp\htdocs\mkomigbo\project-root\private\assets\config.php on line 12
[07-Oct-2025 20:39:06 UTC] PHP Warning:  Constant SITE_URL already defined in F:\xampp\htdocs\mkomigbo\project-root\private\assets\config.php on line 41
[07-Oct-2025 20:39:06 UTC] PHP Warning:  Constant WWW_ROOT already defined in F:\xampp\htdocs\mkomigbo\project-root\private\assets\config.php on line 53
[07-Oct-2025 20:39:06 UTC] PHP Fatal error:  Cannot redeclare videos_table() (previously declared in F:\xampp\htdocs\mkomigbo\project-root\private\functions\audio_functions.php:12) in F:\xampp\htdocs\mkomigbo\project-root\private\functions\video_functions.php on line 12
[07-Oct-2025 20:39:39 UTC] PHP Warning:  Constant PRIVATE_PATH already defined in F:\xampp\htdocs\mkomigbo\project-root\private\assets\config.php on line 7
[07-Oct-2025 20:39:39 UTC] PHP Warning:  Constant PUBLIC_PATH already defined in F:\xampp\htdocs\mkomigbo\project-root\private\assets\config.php on line 9
[07-Oct-2025 20:39:39 UTC] PHP Warning:  Constant FUNCTIONS_PATH already defined in F:\xampp\htdocs\mkomigbo\project-root\private\assets\config.php on line 10
[07-Oct-2025 20:39:39 UTC] PHP Warning:  Constant ASSETS_PATH already defined in F:\xampp\htdocs\mkomigbo\project-root\private\assets\config.php on line 11
[07-Oct-2025 20:39:39 UTC] PHP Warning:  Constant SHARED_PATH already defined in F:\xampp\htdocs\mkomigbo\project-root\private\assets\config.php on line 12
[07-Oct-2025 20:39:39 UTC] PHP Warning:  Constant SITE_URL already defined in F:\xampp\htdocs\mkomigbo\project-root\private\assets\config.php on line 41
[07-Oct-2025 20:39:39 UTC] PHP Warning:  Constant WWW_ROOT already defined in F:\xampp\htdocs\mkomigbo\project-root\private\assets\config.php on line 53
[07-Oct-2025 20:39:39 UTC] PHP Fatal error:  Cannot redeclare videos_table() (previously declared in F:\xampp\htdocs\mkomigbo\project-root\private\functions\audio_functions.php:12) in F:\xampp\htdocs\mkomigbo\project-root\private\functions\video_functions.php on line 12
[07-Oct-2025 20:39:40 UTC] PHP Warning:  Constant PRIVATE_PATH already defined in F:\xampp\htdocs\mkomigbo\project-root\private\assets\config.php on line 7
[07-Oct-2025 20:39:40 UTC] PHP Warning:  Constant PUBLIC_PATH already defined in F:\xampp\htdocs\mkomigbo\project-root\private\assets\config.php on line 9
[07-Oct-2025 20:39:40 UTC] PHP Warning:  Constant FUNCTIONS_PATH already defined in F:\xampp\htdocs\mkomigbo\project-root\private\assets\config.php on line 10
[07-Oct-2025 20:39:40 UTC] PHP Warning:  Constant ASSETS_PATH already defined in F:\xampp\htdocs\mkomigbo\project-root\private\assets\config.php on line 11
[07-Oct-2025 20:39:40 UTC] PHP Warning:  Constant SHARED_PATH already defined in F:\xampp\htdocs\mkomigbo\project-root\private\assets\config.php on line 12
[07-Oct-2025 20:39:40 UTC] PHP Warning:  Constant SITE_URL already defined in F:\xampp\htdocs\mkomigbo\project-root\private\assets\config.php on line 41
[07-Oct-2025 20:39:40 UTC] PHP Warning:  Constant WWW_ROOT already defined in F:\xampp\htdocs\mkomigbo\project-root\private\assets\config.php on line 53
[07-Oct-2025 20:39:40 UTC] PHP Fatal error:  Cannot redeclare videos_table() (previously declared in F:\xampp\htdocs\mkomigbo\project-root\private\functions\audio_functions.php:12) in F:\xampp\htdocs\mkomigbo\project-root\private\functions\video_functions.php on line 12
[07-Oct-2025 20:39:40 UTC] PHP Warning:  Constant PRIVATE_PATH already defined in F:\xampp\htdocs\mkomigbo\project-root\private\assets\config.php on line 7
[07-Oct-2025 20:39:40 UTC] PHP Warning:  Constant PUBLIC_PATH already defined in F:\xampp\htdocs\mkomigbo\project-root\private\assets\config.php on line 9
[07-Oct-2025 20:39:40 UTC] PHP Warning:  Constant FUNCTIONS_PATH already defined in F:\xampp\htdocs\mkomigbo\project-root\private\assets\config.php on line 10
[07-Oct-2025 20:39:40 UTC] PHP Warning:  Constant ASSETS_PATH already defined in F:\xampp\htdocs\mkomigbo\project-root\private\assets\config.php on line 11
[07-Oct-2025 20:39:40 UTC] PHP Warning:  Constant SHARED_PATH already defined in F:\xampp\htdocs\mkomigbo\project-root\private\assets\config.php on line 12
[07-Oct-2025 20:39:40 UTC] PHP Warning:  Constant SITE_URL already defined in F:\xampp\htdocs\mkomigbo\project-root\private\assets\config.php on line 41
[07-Oct-2025 20:39:40 UTC] PHP Warning:  Constant WWW_ROOT already defined in F:\xampp\htdocs\mkomigbo\project-root\private\assets\config.php on line 53
[07-Oct-2025 20:39:40 UTC] PHP Fatal error:  Cannot redeclare videos_table() (previously declared in F:\xampp\htdocs\mkomigbo\project-root\private\functions\audio_functions.php:12) in F:\xampp\htdocs\mkomigbo\project-root\private\functions\video_functions.php on line 12
[07-Oct-2025 20:39:41 UTC] PHP Warning:  Constant PRIVATE_PATH already defined in F:\xampp\htdocs\mkomigbo\project-root\private\assets\config.php on line 7
[07-Oct-2025 20:39:41 UTC] PHP Warning:  Constant PUBLIC_PATH already defined in F:\xampp\htdocs\mkomigbo\project-root\private\assets\config.php on line 9
[07-Oct-2025 20:39:41 UTC] PHP Warning:  Constant FUNCTIONS_PATH already defined in F:\xampp\htdocs\mkomigbo\project-root\private\assets\config.php on line 10
[07-Oct-2025 20:39:41 UTC] PHP Warning:  Constant ASSETS_PATH already defined in F:\xampp\htdocs\mkomigbo\project-root\private\assets\config.php on line 11
[07-Oct-2025 20:39:41 UTC] PHP Warning:  Constant SHARED_PATH already defined in F:\xampp\htdocs\mkomigbo\project-root\private\assets\config.php on line 12
[07-Oct-2025 20:39:41 UTC] PHP Warning:  Constant SITE_URL already defined in F:\xampp\htdocs\mkomigbo\project-root\private\assets\config.php on line 41
[07-Oct-2025 20:39:41 UTC] PHP Warning:  Constant WWW_ROOT already defined in F:\xampp\htdocs\mkomigbo\project-root\private\assets\config.php on line 53
[07-Oct-2025 20:39:41 UTC] PHP Fatal error:  Cannot redeclare videos_table() (previously declared in F:\xampp\htdocs\mkomigbo\project-root\private\functions\audio_functions.php:12) in F:\xampp\htdocs\mkomigbo\project-root\private\functions\video_functions.php on line 12
[07-Oct-2025 20:39:41 UTC] PHP Warning:  Constant PRIVATE_PATH already defined in F:\xampp\htdocs\mkomigbo\project-root\private\assets\config.php on line 7
[07-Oct-2025 20:39:41 UTC] PHP Warning:  Constant PUBLIC_PATH already defined in F:\xampp\htdocs\mkomigbo\project-root\private\assets\config.php on line 9
[07-Oct-2025 20:39:41 UTC] PHP Warning:  Constant FUNCTIONS_PATH already defined in F:\xampp\htdocs\mkomigbo\project-root\private\assets\config.php on line 10
[07-Oct-2025 20:39:41 UTC] PHP Warning:  Constant ASSETS_PATH already defined in F:\xampp\htdocs\mkomigbo\project-root\private\assets\config.php on line 11
[07-Oct-2025 20:39:41 UTC] PHP Warning:  Constant SHARED_PATH already defined in F:\xampp\htdocs\mkomigbo\project-root\private\assets\config.php on line 12
[07-Oct-2025 20:39:41 UTC] PHP Warning:  Constant SITE_URL already defined in F:\xampp\htdocs\mkomigbo\project-root\private\assets\config.php on line 41
[07-Oct-2025 20:39:41 UTC] PHP Warning:  Constant WWW_ROOT already defined in F:\xampp\htdocs\mkomigbo\project-root\private\assets\config.php on line 53
[07-Oct-2025 20:39:41 UTC] PHP Fatal error:  Cannot redeclare videos_table() (previously declared in F:\xampp\htdocs\mkomigbo\project-root\private\functions\audio_functions.php:12) in F:\xampp\htdocs\mkomigbo\project-root\private\functions\video_functions.php on line 12
[07-Oct-2025 20:39:41 UTC] PHP Warning:  Constant PRIVATE_PATH already defined in F:\xampp\htdocs\mkomigbo\project-root\private\assets\config.php on line 7
[07-Oct-2025 20:39:41 UTC] PHP Warning:  Constant PUBLIC_PATH already defined in F:\xampp\htdocs\mkomigbo\project-root\private\assets\config.php on line 9
[07-Oct-2025 20:39:41 UTC] PHP Warning:  Constant FUNCTIONS_PATH already defined in F:\xampp\htdocs\mkomigbo\project-root\private\assets\config.php on line 10
[07-Oct-2025 20:39:41 UTC] PHP Warning:  Constant ASSETS_PATH already defined in F:\xampp\htdocs\mkomigbo\project-root\private\assets\config.php on line 11
[07-Oct-2025 20:39:41 UTC] PHP Warning:  Constant SHARED_PATH already defined in F:\xampp\htdocs\mkomigbo\project-root\private\assets\config.php on line 12
[07-Oct-2025 20:39:41 UTC] PHP Warning:  Constant SITE_URL already defined in F:\xampp\htdocs\mkomigbo\project-root\private\assets\config.php on line 41
[07-Oct-2025 20:39:41 UTC] PHP Warning:  Constant WWW_ROOT already defined in F:\xampp\htdocs\mkomigbo\project-root\private\assets\config.php on line 53
[07-Oct-2025 20:39:41 UTC] PHP Fatal error:  Cannot redeclare videos_table() (previously declared in F:\xampp\htdocs\mkomigbo\project-root\private\functions\audio_functions.php:12) in F:\xampp\htdocs\mkomigbo\project-root\private\functions\video_functions.php on line 12
[07-Oct-2025 20:40:32 UTC] PHP Warning:  Constant PRIVATE_PATH already defined in F:\xampp\htdocs\mkomigbo\project-root\private\assets\config.php on line 7
[07-Oct-2025 20:40:32 UTC] PHP Warning:  Constant PUBLIC_PATH already defined in F:\xampp\htdocs\mkomigbo\project-root\private\assets\config.php on line 9
[07-Oct-2025 20:40:32 UTC] PHP Warning:  Constant FUNCTIONS_PATH already defined in F:\xampp\htdocs\mkomigbo\project-root\private\assets\config.php on line 10
[07-Oct-2025 20:40:32 UTC] PHP Warning:  Constant ASSETS_PATH already defined in F:\xampp\htdocs\mkomigbo\project-root\private\assets\config.php on line 11
[07-Oct-2025 20:40:32 UTC] PHP Warning:  Constant SHARED_PATH already defined in F:\xampp\htdocs\mkomigbo\project-root\private\assets\config.php on line 12
[07-Oct-2025 20:40:32 UTC] PHP Warning:  Constant SITE_URL already defined in F:\xampp\htdocs\mkomigbo\project-root\private\assets\config.php on line 41
[07-Oct-2025 20:40:32 UTC] PHP Warning:  Constant WWW_ROOT already defined in F:\xampp\htdocs\mkomigbo\project-root\private\assets\config.php on line 53
[07-Oct-2025 20:40:32 UTC] PHP Fatal error:  Cannot redeclare videos_table() (previously declared in F:\xampp\htdocs\mkomigbo\project-root\private\functions\audio_functions.php:12) in F:\xampp\htdocs\mkomigbo\project-root\private\functions\video_functions.php on line 12
[07-Oct-2025 20:40:33 UTC] PHP Warning:  Constant PRIVATE_PATH already defined in F:\xampp\htdocs\mkomigbo\project-root\private\assets\config.php on line 7
[07-Oct-2025 20:40:33 UTC] PHP Warning:  Constant PUBLIC_PATH already defined in F:\xampp\htdocs\mkomigbo\project-root\private\assets\config.php on line 9
[07-Oct-2025 20:40:33 UTC] PHP Warning:  Constant FUNCTIONS_PATH already defined in F:\xampp\htdocs\mkomigbo\project-root\private\assets\config.php on line 10
[07-Oct-2025 20:40:33 UTC] PHP Warning:  Constant ASSETS_PATH already defined in F:\xampp\htdocs\mkomigbo\project-root\private\assets\config.php on line 11
[07-Oct-2025 20:40:33 UTC] PHP Warning:  Constant SHARED_PATH already defined in F:\xampp\htdocs\mkomigbo\project-root\private\assets\config.php on line 12
[07-Oct-2025 20:40:33 UTC] PHP Warning:  Constant SITE_URL already defined in F:\xampp\htdocs\mkomigbo\project-root\private\assets\config.php on line 41
[07-Oct-2025 20:40:33 UTC] PHP Warning:  Constant WWW_ROOT already defined in F:\xampp\htdocs\mkomigbo\project-root\private\assets\config.php on line 53
[07-Oct-2025 20:40:33 UTC] PHP Fatal error:  Cannot redeclare videos_table() (previously declared in F:\xampp\htdocs\mkomigbo\project-root\private\functions\audio_functions.php:12) in F:\xampp\htdocs\mkomigbo\project-root\private\functions\video_functions.php on line 12
[07-Oct-2025 20:40:33 UTC] PHP Warning:  Constant PRIVATE_PATH already defined in F:\xampp\htdocs\mkomigbo\project-root\private\assets\config.php on line 7
[07-Oct-2025 20:40:33 UTC] PHP Warning:  Constant PUBLIC_PATH already defined in F:\xampp\htdocs\mkomigbo\project-root\private\assets\config.php on line 9
[07-Oct-2025 20:40:33 UTC] PHP Warning:  Constant FUNCTIONS_PATH already defined in F:\xampp\htdocs\mkomigbo\project-root\private\assets\config.php on line 10
[07-Oct-2025 20:40:33 UTC] PHP Warning:  Constant ASSETS_PATH already defined in F:\xampp\htdocs\mkomigbo\project-root\private\assets\config.php on line 11
[07-Oct-2025 20:40:33 UTC] PHP Warning:  Constant SHARED_PATH already defined in F:\xampp\htdocs\mkomigbo\project-root\private\assets\config.php on line 12
[07-Oct-2025 20:40:33 UTC] PHP Warning:  Constant SITE_URL already defined in F:\xampp\htdocs\mkomigbo\project-root\private\assets\config.php on line 41
[07-Oct-2025 20:40:33 UTC] PHP Warning:  Constant WWW_ROOT already defined in F:\xampp\htdocs\mkomigbo\project-root\private\assets\config.php on line 53
[07-Oct-2025 20:40:33 UTC] PHP Fatal error:  Cannot redeclare videos_table() (previously declared in F:\xampp\htdocs\mkomigbo\project-root\private\functions\audio_functions.php:12) in F:\xampp\htdocs\mkomigbo\project-root\private\functions\video_functions.php on line 12
[07-Oct-2025 20:40:33 UTC] PHP Warning:  Constant PRIVATE_PATH already defined in F:\xampp\htdocs\mkomigbo\project-root\private\assets\config.php on line 7
[07-Oct-2025 20:40:33 UTC] PHP Warning:  Constant PUBLIC_PATH already defined in F:\xampp\htdocs\mkomigbo\project-root\private\assets\config.php on line 9
[07-Oct-2025 20:40:33 UTC] PHP Warning:  Constant FUNCTIONS_PATH already defined in F:\xampp\htdocs\mkomigbo\project-root\private\assets\config.php on line 10
[07-Oct-2025 20:40:33 UTC] PHP Warning:  Constant ASSETS_PATH already defined in F:\xampp\htdocs\mkomigbo\project-root\private\assets\config.php on line 11
[07-Oct-2025 20:40:33 UTC] PHP Warning:  Constant SHARED_PATH already defined in F:\xampp\htdocs\mkomigbo\project-root\private\assets\config.php on line 12
[07-Oct-2025 20:40:33 UTC] PHP Warning:  Constant SITE_URL already defined in F:\xampp\htdocs\mkomigbo\project-root\private\assets\config.php on line 41
[07-Oct-2025 20:40:33 UTC] PHP Warning:  Constant WWW_ROOT already defined in F:\xampp\htdocs\mkomigbo\project-root\private\assets\config.php on line 53
[07-Oct-2025 20:40:33 UTC] PHP Fatal error:  Cannot redeclare videos_table() (previously declared in F:\xampp\htdocs\mkomigbo\project-root\private\functions\audio_functions.php:12) in F:\xampp\htdocs\mkomigbo\project-root\private\functions\video_functions.php on line 12
[07-Oct-2025 20:40:34 UTC] PHP Warning:  Constant PRIVATE_PATH already defined in F:\xampp\htdocs\mkomigbo\project-root\private\assets\config.php on line 7
[07-Oct-2025 20:40:34 UTC] PHP Warning:  Constant PUBLIC_PATH already defined in F:\xampp\htdocs\mkomigbo\project-root\private\assets\config.php on line 9
[07-Oct-2025 20:40:34 UTC] PHP Warning:  Constant FUNCTIONS_PATH already defined in F:\xampp\htdocs\mkomigbo\project-root\private\assets\config.php on line 10
[07-Oct-2025 20:40:34 UTC] PHP Warning:  Constant ASSETS_PATH already defined in F:\xampp\htdocs\mkomigbo\project-root\private\assets\config.php on line 11
[07-Oct-2025 20:40:34 UTC] PHP Warning:  Constant SHARED_PATH already defined in F:\xampp\htdocs\mkomigbo\project-root\private\assets\config.php on line 12
[07-Oct-2025 20:40:34 UTC] PHP Warning:  Constant SITE_URL already defined in F:\xampp\htdocs\mkomigbo\project-root\private\assets\config.php on line 41
[07-Oct-2025 20:40:34 UTC] PHP Warning:  Constant WWW_ROOT already defined in F:\xampp\htdocs\mkomigbo\project-root\private\assets\config.php on line 53
[07-Oct-2025 20:40:34 UTC] PHP Fatal error:  Cannot redeclare videos_table() (previously declared in F:\xampp\htdocs\mkomigbo\project-root\private\functions\audio_functions.php:12) in F:\xampp\htdocs\mkomigbo\project-root\private\functions\video_functions.php on line 12
[07-Oct-2025 20:40:34 UTC] PHP Warning:  Constant PRIVATE_PATH already defined in F:\xampp\htdocs\mkomigbo\project-root\private\assets\config.php on line 7
[07-Oct-2025 20:40:34 UTC] PHP Warning:  Constant PUBLIC_PATH already defined in F:\xampp\htdocs\mkomigbo\project-root\private\assets\config.php on line 9
[07-Oct-2025 20:40:34 UTC] PHP Warning:  Constant FUNCTIONS_PATH already defined in F:\xampp\htdocs\mkomigbo\project-root\private\assets\config.php on line 10
[07-Oct-2025 20:40:34 UTC] PHP Warning:  Constant ASSETS_PATH already defined in F:\xampp\htdocs\mkomigbo\project-root\private\assets\config.php on line 11
[07-Oct-2025 20:40:34 UTC] PHP Warning:  Constant SHARED_PATH already defined in F:\xampp\htdocs\mkomigbo\project-root\private\assets\config.php on line 12
[07-Oct-2025 20:40:34 UTC] PHP Warning:  Constant SITE_URL already defined in F:\xampp\htdocs\mkomigbo\project-root\private\assets\config.php on line 41
[07-Oct-2025 20:40:34 UTC] PHP Warning:  Constant WWW_ROOT already defined in F:\xampp\htdocs\mkomigbo\project-root\private\assets\config.php on line 53
[07-Oct-2025 20:40:34 UTC] PHP Fatal error:  Cannot redeclare videos_table() (previously declared in F:\xampp\htdocs\mkomigbo\project-root\private\functions\audio_functions.php:12) in F:\xampp\htdocs\mkomigbo\project-root\private\functions\video_functions.php on line 12
[07-Oct-2025 20:41:49 UTC] PHP Warning:  Constant PRIVATE_PATH already defined in F:\xampp\htdocs\mkomigbo\project-root\private\assets\config.php on line 7
[07-Oct-2025 20:41:49 UTC] PHP Warning:  Constant PUBLIC_PATH already defined in F:\xampp\htdocs\mkomigbo\project-root\private\assets\config.php on line 9
[07-Oct-2025 20:41:49 UTC] PHP Warning:  Constant FUNCTIONS_PATH already defined in F:\xampp\htdocs\mkomigbo\project-root\private\assets\config.php on line 10
[07-Oct-2025 20:41:49 UTC] PHP Warning:  Constant ASSETS_PATH already defined in F:\xampp\htdocs\mkomigbo\project-root\private\assets\config.php on line 11
[07-Oct-2025 20:41:49 UTC] PHP Warning:  Constant SHARED_PATH already defined in F:\xampp\htdocs\mkomigbo\project-root\private\assets\config.php on line 12
[07-Oct-2025 20:41:49 UTC] PHP Warning:  Constant SITE_URL already defined in F:\xampp\htdocs\mkomigbo\project-root\private\assets\config.php on line 41
[07-Oct-2025 20:41:49 UTC] PHP Warning:  Constant WWW_ROOT already defined in F:\xampp\htdocs\mkomigbo\project-root\private\assets\config.php on line 53
[07-Oct-2025 20:41:49 UTC] PHP Fatal error:  Cannot redeclare videos_table() (previously declared in F:\xampp\htdocs\mkomigbo\project-root\private\functions\audio_functions.php:12) in F:\xampp\htdocs\mkomigbo\project-root\private\functions\video_functions.php on line 12
[07-Oct-2025 20:42:16 UTC] PHP Warning:  Constant PRIVATE_PATH already defined in F:\xampp\htdocs\mkomigbo\project-root\private\assets\config.php on line 7
[07-Oct-2025 20:42:16 UTC] PHP Warning:  Constant PUBLIC_PATH already defined in F:\xampp\htdocs\mkomigbo\project-root\private\assets\config.php on line 9
[07-Oct-2025 20:42:16 UTC] PHP Warning:  Constant FUNCTIONS_PATH already defined in F:\xampp\htdocs\mkomigbo\project-root\private\assets\config.php on line 10
[07-Oct-2025 20:42:16 UTC] PHP Warning:  Constant ASSETS_PATH already defined in F:\xampp\htdocs\mkomigbo\project-root\private\assets\config.php on line 11
[07-Oct-2025 20:42:16 UTC] PHP Warning:  Constant SHARED_PATH already defined in F:\xampp\htdocs\mkomigbo\project-root\private\assets\config.php on line 12
[07-Oct-2025 20:42:16 UTC] PHP Warning:  Constant SITE_URL already defined in F:\xampp\htdocs\mkomigbo\project-root\private\assets\config.php on line 41
[07-Oct-2025 20:42:16 UTC] PHP Warning:  Constant WWW_ROOT already defined in F:\xampp\htdocs\mkomigbo\project-root\private\assets\config.php on line 53
[07-Oct-2025 20:42:16 UTC] PHP Fatal error:  Cannot redeclare videos_table() (previously declared in F:\xampp\htdocs\mkomigbo\project-root\private\functions\audio_functions.php:12) in F:\xampp\htdocs\mkomigbo\project-root\private\functions\video_functions.php on line 12
